<?xml version="1.0" encoding="UTF-8"?>
<!-- Generated by org.testng.reporters.JUnitReportReporter -->
<testsuite skipped="0" hostname="SSW" name="config.StartBrowser" tests="1" failures="0" timestamp="2021-10-03T16:51:55 IST" time="8.990" errors="0">
  <testcase name="launch" time="8.990" classname="config.StartBrowser"/>
  <system-out/>
</testsuite> <!-- config.StartBrowser -->
